2022-10-28 00:02:16.171  INFO 7968 --- [http-nio-8081-exec-1] o.a.c.c.C.[Tomcat].[localhost].[/]       : Initializing Spring DispatcherServlet 'dispatcherServlet'
2022-10-28 00:02:16.192  INFO 7968 --- [http-nio-8081-exec-1] o.s.web.servlet.DispatcherServlet        : Initializing Servlet 'dispatcherServlet'
2022-10-28 00:02:16.198  INFO 7968 --- [http-nio-8081-exec-1] o.s.web.servlet.DispatcherServlet        : Completed initialization in 4 ms
2022-10-28 00:02:16.219  INFO 7968 --- [http-nio-8081-exec-1] Spring Security Debugger                 : 

************************************************************

Request received for GET '/subjects':

org.apache.catalina.connector.RequestFacade@49992416

servletPath:/subjects
pathInfo:null
headers: 
content-type: application/vnd.schemaregistry.v1+json
cache-control: no-cache
pragma: no-cache
user-agent: Java/14.0.2
host: localhost:8081
accept: text/html, image/gif, image/jpeg, *; q=.2, */*; q=.2
connection: keep-alive


Security filter chain: [
  DisableEncodeUrlFilter
  WebAsyncManagerIntegrationFilter
  SecurityContextPersistenceFilter
  HeaderWriterFilter
  LogoutFilter
  JwtTokenFilter
  RequestCacheAwareFilter
  SecurityContextHolderAwareRequestFilter
  AnonymousAuthenticationFilter
  SessionManagementFilter
  ExceptionTranslationFilter
  FilterSecurityInterceptor
]


************************************************************


2022-10-28 00:02:16.378 DEBUG 7968 --- [http-nio-8081-exec-1] o.s.security.web.FilterChainProxy        : Securing GET /subjects
2022-10-28 00:02:16.389  INFO 7968 --- [http-nio-8081-exec-1] Spring Security Debugger                 : 

************************************************************

Request received for GET '/error':

org.apache.catalina.core.ApplicationHttpRequest@5d2d9ed4

servletPath:/error
pathInfo:null
headers: 
content-type: application/vnd.schemaregistry.v1+json
cache-control: no-cache
pragma: no-cache
user-agent: Java/14.0.2
host: localhost:8081
accept: text/html, image/gif, image/jpeg, *; q=.2, */*; q=.2
connection: keep-alive


Security filter chain: [
  DisableEncodeUrlFilter
  WebAsyncManagerIntegrationFilter
  SecurityContextPersistenceFilter
  HeaderWriterFilter
  LogoutFilter
  JwtTokenFilter
  RequestCacheAwareFilter
  SecurityContextHolderAwareRequestFilter
  AnonymousAuthenticationFilter
  SessionManagementFilter
  ExceptionTranslationFilter
  FilterSecurityInterceptor
]


************************************************************


2022-10-28 00:02:16.390 DEBUG 7968 --- [http-nio-8081-exec-1] o.s.security.web.FilterChainProxy        : Securing GET /error
2022-10-28 00:02:16.390 DEBUG 7968 --- [http-nio-8081-exec-1] o.s.security.web.FilterChainProxy        : Secured GET /error
2022-10-28 00:15:02.818  INFO 7968 --- [SpringApplicationShutdownHook] j.LocalContainerEntityManagerFactoryBean : Closing JPA EntityManagerFactory for persistence unit 'default'
2022-10-28 00:15:02.843  INFO 7968 --- [SpringApplicationShutdownHook] com.zaxxer.hikari.HikariDataSource       : HikariPool-3 - Shutdown initiated...
2022-10-28 00:15:02.871  INFO 7968 --- [SpringApplicationShutdownHook] com.zaxxer.hikari.HikariDataSource       : HikariPool-3 - Shutdown completed.
